0 info it worked if it ends with ok
1 verbose cli [ '/usr/local/bin/node', '/usr/local/bin/npm', 'run', 'dev' ]
2 info using npm@3.10.10
3 info using node@v6.10.0
4 warn invalid config registry="“http://registry.npm.taobao.org”"
5 warn invalid config Must be a full url with 'http://'
6 verbose run-script [ 'predev', 'dev', 'postdev' ]
7 info lifecycle isomorphism-redux-react@1.0.0~predev: isomorphism-redux-react@1.0.0
8 silly lifecycle isomorphism-redux-react@1.0.0~predev: no script for predev, continuing
9 info lifecycle isomorphism-redux-react@1.0.0~dev: isomorphism-redux-react@1.0.0
10 verbose lifecycle isomorphism-redux-react@1.0.0~dev: unsafe-perm in lifecycle true
11 verbose lifecycle isomorphism-redux-react@1.0.0~dev: PATH: /usr/local/lib/node_modules/npm/bin/node-gyp-bin:/Users/yaobinhan479/isomorphism-redux-react/node_modules/.bin:/Library/Java/JavaVirtualMachines/jdk1.8.0_131.jdk/Contents/Home/bin:/usr/local/Cellar/mongodb/3.4.4/bin:/usr/local/bin:/usr/bin:/bin:/usr/sbin:/sbin:/Library/Frameworks/Mono.framework/Versions/Current/Commands:/Users/yaobinhan479/Library/Android/sdk/tools:/Users/yaobinhan479/Library/Android/sdk/platform-tools:/usr/local/mysql/bin
12 verbose lifecycle isomorphism-redux-react@1.0.0~dev: CWD: /Users/yaobinhan479/isomorphism-redux-react
13 silly lifecycle isomorphism-redux-react@1.0.0~dev: Args: [ '-c', 'node bin/development' ]
14 silly lifecycle isomorphism-redux-react@1.0.0~dev: Returned: code: 1  signal: null
15 info lifecycle isomorphism-redux-react@1.0.0~dev: Failed to exec dev script
16 verbose stack Error: isomorphism-redux-react@1.0.0 dev: `node bin/development`
16 verbose stack Exit status 1
16 verbose stack     at EventEmitter.<anonymous> (/usr/local/lib/node_modules/npm/lib/utils/lifecycle.js:255:16)
16 verbose stack     at emitTwo (events.js:106:13)
16 verbose stack     at EventEmitter.emit (events.js:191:7)
16 verbose stack     at ChildProcess.<anonymous> (/usr/local/lib/node_modules/npm/lib/utils/spawn.js:40:14)
16 verbose stack     at emitTwo (events.js:106:13)
16 verbose stack     at ChildProcess.emit (events.js:191:7)
16 verbose stack     at maybeClose (internal/child_process.js:877:16)
16 verbose stack     at Process.ChildProcess._handle.onexit (internal/child_process.js:226:5)
17 verbose pkgid isomorphism-redux-react@1.0.0
18 verbose cwd /Users/yaobinhan479/isomorphism-redux-react
19 error Darwin 16.7.0
20 error argv "/usr/local/bin/node" "/usr/local/bin/npm" "run" "dev"
21 error node v6.10.0
22 error npm  v3.10.10
23 error code ELIFECYCLE
24 error isomorphism-redux-react@1.0.0 dev: `node bin/development`
24 error Exit status 1
25 error Failed at the isomorphism-redux-react@1.0.0 dev script 'node bin/development'.
25 error Make sure you have the latest version of node.js and npm installed.
25 error If you do, this is most likely a problem with the isomorphism-redux-react package,
25 error not with npm itself.
25 error Tell the author that this fails on your system:
25 error     node bin/development
25 error You can get information on how to open an issue for this project with:
25 error     npm bugs isomorphism-redux-react
25 error Or if that isn't available, you can get their info via:
25 error     npm owner ls isomorphism-redux-react
25 error There is likely additional logging output above.
26 verbose exit [ 1, true ]
